Started GET "/creatives/index" for 127.0.0.1 at 2017-02-15 20:09:22 +0500
Processing by CreativesController#index as HTML
  Rendering creatives/index.html.erb within layouts/creative
  Rendered creatives/_navbar.html.erb (1.0ms)
  Rendered creatives/_header.html.erb (1.0ms)
  Rendered creatives/_bg_primary.html.erb (0.0ms)
  Rendered creatives/_services.html.erb (0.5ms)
Started GET "/creatives/index" for 127.0.0.1 at 2017-02-15 20:09:23 +0500
Processing by CreativesController#index as HTML
  Rendering creatives/index.html.erb within layouts/creative
  Rendered creatives/_navbar.html.erb (1.0ms)
  Rendered creatives/_header.html.erb (1.0ms)
  Rendered creatives/_bg_primary.html.erb (0.0ms)
  Rendered creatives/_services.html.erb (0.5ms)
  Rendered creatives/_portfolio.html.erb (3171.5ms)
  Rendered creatives/_call_to_action.html.erb (1.0ms)
  Rendered creatives/_portfolio.html.erb (2608.4ms)
  Rendered creatives/_contact.html.erb (1.0ms)
  Rendered creatives/index.html.erb within layouts/creative (3368.1ms)
  Rendered creatives/_call_to_action.html.erb (1.0ms)
  Rendered creatives/_contact.html.erb (1.0ms)
  Rendered creatives/index.html.erb within layouts/creative (2834.5ms)
Completed 200 OK in 3963ms (Views: 3924.1ms)


Completed 200 OK in 18529ms (Views: 18506.8ms)


Started GET "/creatives/index" for 127.0.0.1 at 2017-02-17 12:36:14 +0500
Processing by CreativesController#index as HTML
  Rendering creatives/index.html.erb within layouts/creative
  Rendered creatives/_navbar.html.erb (1.0ms)
  Rendered creatives/_header.html.erb (1.0ms)
  Rendered creatives/_bg_primary.html.erb (0.5ms)
  Rendered creatives/_services.html.erb (1.0ms)
  Rendered creatives/_portfolio.html.erb (815.6ms)
  Rendered creatives/_call_to_action.html.erb (0.0ms)
  Rendered creatives/_contact.html.erb (1.0ms)
  Rendered creatives/index.html.erb within layouts/creative (1057.2ms)
Completed 200 OK in 1712ms (Views: 1659.1ms)


